2021-07-08T00:53:47+00:00 INFO Doing Task:set_settings
2021-07-08T00:53:47+00:00 INFO Task Done:set_settings
2021-07-08T00:53:47+00:00 INFO Doing Task:create_default_lists
2021-07-08T00:53:47+00:00 INFO Task Done:create_default_lists
2021-07-08T00:53:47+00:00 INFO Doing Task:create_contacts_and_add_to_list
2021-07-08T00:53:47+00:00 INFO Task Done:create_contacts_and_add_to_list
2021-07-08T00:53:47+00:00 INFO Doing Task:add_workflow_for_user_registration
2021-07-08T00:53:47+00:00 INFO Task Done:add_workflow_for_user_registration
2021-07-08T00:53:47+00:00 INFO Doing Task:create_default_newsletter_broadcast
2021-07-08T00:53:47+00:00 INFO Task Done:create_default_newsletter_broadcast
2021-07-08T00:53:47+00:00 INFO Doing Task:create_default_post_notification
2021-07-08T00:53:47+00:00 INFO Task Done:create_default_post_notification
2021-07-08T00:53:47+00:00 INFO Doing Task:create_default_subscription_form
2021-07-08T00:53:47+00:00 INFO Task Done:create_default_subscription_form
2021-07-08T00:53:47+00:00 INFO Doing Task:add_widget_to_sidebar
2021-07-08T00:53:47+00:00 INFO Task Done:add_widget_to_sidebar
2021-07-08T00:53:48+00:00 INFO Doing Task:queue_default_broadcast_newsletter
2021-07-08T00:53:48+00:00 INFO Task Done:queue_default_broadcast_newsletter
2021-07-08T00:53:48+00:00 INFO Doing Task:queue_default_broadcast_newsletter
2021-07-08T00:53:48+00:00 INFO Task Done:queue_default_broadcast_newsletter
2021-07-08T00:53:49+00:00 INFO Doing Task:dispatch_emails_from_server
2021-07-08T00:53:49+00:00 INFO Doing Task:dispatch_emails_from_server
2021-07-08T00:53:49+00:00 INFO Doing Task:dispatch_emails_from_server
2021-07-08T00:53:49+00:00 INFO Doing Task:dispatch_emails_from_server
2021-07-08T00:53:51+00:00 INFO Task Done:dispatch_emails_from_server
2021-07-08T00:53:51+00:00 INFO Task Done:dispatch_emails_from_server
2021-07-08T00:53:51+00:00 INFO Task Done:dispatch_emails_from_server
2021-07-08T00:53:51+00:00 INFO Task Done:dispatch_emails_from_server
2021-07-08T00:54:03+00:00 INFO Doing Task:check_test_email_on_server
2021-07-08T00:54:03+00:00 INFO Doing Task:check_test_email_on_server
2021-07-08T00:54:03+00:00 INFO Doing Task:check_test_email_on_server
2021-07-08T00:54:03+00:00 INFO Doing Task:check_test_email_on_server
2021-07-08T00:54:03+00:00 INFO Doing Task:check_test_email_on_server
2021-07-08T00:54:03+00:00 INFO Doing Task:check_test_email_on_server
2021-07-08T00:54:04+00:00 INFO Task Done:check_test_email_on_server
2021-07-08T00:54:04+00:00 INFO Task Done:check_test_email_on_server
2021-07-08T00:54:04+00:00 INFO Task Done:check_test_email_on_server
2021-07-08T00:54:04+00:00 INFO Task Done:check_test_email_on_server
2021-07-08T00:54:04+00:00 INFO Task Done:check_test_email_on_server
2021-07-08T00:54:04+00:00 INFO Task Done:check_test_email_on_server
2021-07-08T00:54:05+00:00 INFO Task already done:check_test_email_on_server
2021-07-08T00:54:05+00:00 INFO Doing Task:evaluate_email_delivery
2021-07-08T00:54:05+00:00 INFO Task Done:evaluate_email_delivery
2021-07-08T00:54:05+00:00 INFO Task already done:check_test_email_on_server
2021-07-08T00:54:05+00:00 INFO Doing Task:evaluate_email_delivery
2021-07-08T00:54:05+00:00 INFO Task Done:evaluate_email_delivery
2021-07-08T00:54:05+00:00 INFO Doing Task:evaluate_email_delivery
2021-07-08T00:54:05+00:00 INFO Task Done:evaluate_email_delivery
2021-07-08T00:54:05+00:00 INFO Doing Task:evaluate_email_delivery
2021-07-08T00:54:05+00:00 INFO Task Done:evaluate_email_delivery
2021-07-08T00:54:06+00:00 INFO Doing Task:evaluate_email_delivery
2021-07-08T00:54:06+00:00 INFO Task Done:evaluate_email_delivery
2021-07-08T00:54:07+00:00 INFO Task already done:evaluate_email_delivery
2021-07-08T00:54:07+00:00 INFO Task already done:evaluate_email_delivery
2021-07-08T00:54:07+00:00 INFO Task already done:evaluate_email_delivery
2021-07-08T00:54:07+00:00 INFO Task already done:evaluate_email_delivery
2021-07-08T00:54:07+00:00 INFO Task already done:evaluate_email_delivery
2021-07-08T00:54:08+00:00 INFO Task already done:evaluate_email_delivery
2021-07-08T00:54:08+00:00 INFO Task already done:evaluate_email_delivery
2021-07-08T00:54:08+00:00 INFO Task already done:evaluate_email_delivery
2021-07-08T00:54:08+00:00 INFO Task already done:evaluate_email_delivery
2021-07-08T00:54:08+00:00 INFO Task already done:evaluate_email_delivery
2021-07-08T00:54:09+00:00 INFO Task already done:evaluate_email_delivery
2021-07-08T00:55:28+00:00 INFO Doing Task:subscribe_to_es
2021-07-08T00:55:33+00:00 INFO Task Failed:subscribe_to_es
2021-07-08T00:55:33+00:00 INFO Doing Task:save_final_configuration
2021-07-08T00:55:33+00:00 INFO Task Done:save_final_configuration
